# JRE version: OpenJDK Runtime Environment Temurin-17.0.10+7 (17.0.10+7) (build 17.0.10+7)
# Java VM: OpenJDK 64-Bit Server VM Temurin-17.0.10+7 (17.0.10+7, mixed mode, emulated-client, tiered, compressed oops, compressed class ptrs, g1 gc, windows-amd64)
GC Precious Log:
 CPUs: 8 total, 8 available
 Memory: 7991M
 Large Page Support: Disabled
 NUMA Support: Disabled
 Compressed Oops: Enabled (32-bit)
 Heap Region Size: 1M
 Heap Min Capacity: 8M
 Heap Initial Capacity: 126M
 Heap Max Capacity: 1G
 Pre-touch: Disabled
 Parallel Workers: 8
 Concurrent Workers: 2
 Concurrent Refinement Workers: 8
 Periodic GC: Disabled
Heap:
 garbage-first heap   total 126976K, used 39290K [0x00000000c0000000, 0x0000000100000000)
  region size 1024K, 2 young (2048K), 2 survivors (2048K)
 Metaspace       used 59958K, committed 60480K, reserved 1114112K
  class space    used 7505K, committed 7744K, reserved 1048576K
GC Heap History (20 events):
Event: 1277.317 GC heap after
{Heap after GC invocations=94 (full 12):
 garbage-first heap   total 126976K, used 42758K [0x00000000c0000000, 0x0000000100000000)
  region size 1024K, 1 young (1024K), 1 survivors (1024K)
 Metaspace       used 59957K, committed 60480K, reserved 1114112K
  class space    used 7505K, committed 7744K, reserved 1048576K
}
Event: 1277.323 GC heap before
{Heap before GC invocations=94 (full 12):
 garbage-first heap   total 126976K, used 47878K [0x00000000c0000000, 0x0000000100000000)
  region size 1024K, 6 young (6144K), 1 survivors (1024K)
 Metaspace       used 59957K, committed 60480K, reserved 1114112K
  class space    used 7505K, committed 7744K, reserved 1048576K
}
Event: 1277.324 GC heap after
{Heap after GC invocations=95 (full 12):
 garbage-first heap   total 126976K, used 41809K [0x00000000c0000000, 0x0000000100000000)
  region size 1024K, 1 young (1024K), 1 survivors (1024K)
 Metaspace       used 59957K, committed 60480K, reserved 1114112K
  class space    used 7505K, committed 7744K, reserved 1048576K
}
Event: 1277.578 GC heap before
{Heap before GC invocations=95 (full 12):
 garbage-first heap   total 126976K, used 46929K [0x00000000c0000000, 0x0000000100000000)
  region size 1024K, 7 young (7168K), 1 survivors (1024K)
 Metaspace       used 59957K, committed 60480K, reserved 1114112K
  class space    used 7505K, committed 7744K, reserved 1048576K
}
Event: 1277.580 GC heap after
{Heap after GC invocations=96 (full 12):
 garbage-first heap   total 126976K, used 42912K [0x00000000c0000000, 0x0000000100000000)
  region size 1024K, 2 young (2048K), 2 survivors (2048K)
 Metaspace       used 59957K, committed 60480K, reserved 1114112K
  class space    used 7505K, committed 7744K, reserved 1048576K
}
Event: 1281.848 GC heap before
{Heap before GC invocations=97 (full 12):
 garbage-first heap   total 126976K, used 110496K [0x00000000c0000000, 0x0000000100000000)
  region size 1024K, 50 young (51200K), 2 survivors (2048K)
 Metaspace       used 59957K, committed 60480K, reserved 1114112K
  class space    used 7505K, committed 7744K, reserved 1048576K
}
Event: 1281.851 GC heap after
{Heap after GC invocations=98 (full 12):
 garbage-first heap   total 126976K, used 47351K [0x00000000c0000000, 0x0000000100000000)
  region size 1024K, 6 young (6144K), 6 survivors (6144K)
 Metaspace       used 59957K, committed 60480K, reserved 1114112K
  class space    used 7505K, committed 7744K, reserved 1048576K
}
Event: 1281.854 GC heap before
{Heap before GC invocations=98 (full 12):
 garbage-first heap   total 126976K, used 48375K [0x00000000c0000000, 0x0000000100000000)
  region size 1024K, 7 young (7168K), 6 survivors (6144K)
 Metaspace       used 59957K, committed 60480K, reserved 1114112K
  class space    used 7505K, committed 7744K, reserved 1048576K
}
Event: 1281.856 GC heap after
{Heap after GC invocations=99 (full 12):
 garbage-first heap   total 126976K, used 46715K [0x00000000c0000000, 0x0000000100000000)
  region size 1024K, 1 young (1024K), 1 survivors (1024K)
 Metaspace       used 59957K, committed 60480K, reserved 1114112K
  class space    used 7505K, committed 7744K, reserved 1048576K
}
Event: 1283.030 GC heap before
{Heap before GC invocations=99 (full 12):
 garbage-first heap   total 126976K, used 92795K [0x00000000c0000000, 0x0000000100000000)
  region size 1024K, 46 young (47104K), 1 survivors (1024K)
 Metaspace       used 59957K, committed 60480K, reserved 1114112K
  class space    used 7505K, committed 7744K, reserved 1048576K
}
Event: 1283.032 GC heap after
{Heap after GC invocations=100 (full 12):
 garbage-first heap   total 126976K, used 48565K [0x00000000c0000000, 0x0000000100000000)
  region size 1024K, 2 young (2048K), 2 survivors (2048K)
 Metaspace       used 59957K, committed 60480K, reserved 1114112K
  class space    used 7505K, committed 7744K, reserved 1048576K
}
Event: 1285.179 GC heap before
{Heap before GC invocations=101 (full 12):
 garbage-first heap   total 126976K, used 115368K [0x00000000c0000000, 0x0000000100000000)
  region size 1024K, 46 young (47104K), 2 survivors (2048K)
 Metaspace       used 59957K, committed 60480K, reserved 1114112K
  class space    used 7505K, committed 7744K, reserved 1048576K
}
Event: 1285.181 GC heap after
{Heap after GC invocations=102 (full 12):
 garbage-first heap   total 126976K, used 50127K [0x00000000c0000000, 0x0000000100000000)
  region size 1024K, 3 young (3072K), 3 survivors (3072K)
 Metaspace       used 59957K, committed 60480K, reserved 1114112K
  class space    used 7505K, committed 7744K, reserved 1048576K
}
Event: 1285.193 GC heap before
{Heap before GC invocations=102 (full 12):
 garbage-first heap   total 126976K, used 53199K [0x00000000c0000000, 0x0000000100000000)
  region size 1024K, 6 young (6144K), 3 survivors (3072K)
 Metaspace       used 59957K, committed 60480K, reserved 1114112K
  class space    used 7505K, committed 7744K, reserved 1048576K
}
Event: 1285.195 GC heap after
{Heap after GC invocations=103 (full 12):
 garbage-first heap   total 126976K, used 43788K [0x00000000c0000000, 0x0000000100000000)
  region size 1024K, 1 young (1024K), 1 survivors (1024K)
 Metaspace       used 59957K, committed 60480K, reserved 1114112K
  class space    used 7505K, committed 7744K, reserved 1048576K
}
Event: 1357.778 GC heap before
{Heap before GC invocations=103 (full 12):
 garbage-first heap   total 126976K, used 72460K [0x00000000c0000000, 0x0000000100000000)
  region size 1024K, 30 young (30720K), 1 survivors (1024K)
 Metaspace       used 59957K, committed 60480K, reserved 1114112K
  class space    used 7505K, committed 7744K, reserved 1048576K
}
Event: 1357.812 GC heap after
{Heap after GC invocations=104 (full 13):
 garbage-first heap   total 126976K, used 39303K [0x00000000c0000000, 0x0000000100000000)
  region size 1024K, 0 young (0K), 0 survivors (0K)
 Metaspace       used 59957K, committed 60480K, reserved 1114112K
  class space    used 7505K, committed 7744K, reserved 1048576K
}
Event: 1395.439 GC heap before
{Heap before GC invocations=104 (full 13):
 garbage-first heap   total 126976K, used 77191K [0x00000000c0000000, 0x0000000100000000)
  region size 1024K, 38 young (38912K), 0 survivors (0K)
 Metaspace       used 59958K, committed 60480K, reserved 1114112K
  class space    used 7505K, committed 7744K, reserved 1048576K
}
Event: 1395.440 GC heap after
{Heap after GC invocations=105 (full 13):
 garbage-first heap   total 126976K, used 39844K [0x00000000c0000000, 0x0000000100000000)
  region size 1024K, 1 young (1024K), 1 survivors (1024K)
 Metaspace       used 59958K, committed 60480K, reserved 1114112K
  class space    used 7505K, committed 7744K, reserved 1048576K
}
Event: 1397.657 GC heap before
{Heap before GC invocations=106 (full 13):
 garbage-first heap   total 126976K, used 61986K [0x00000000c0000000, 0x0000000100000000)
  region size 1024K, 15 young (15360K), 1 survivors (1024K)
 Metaspace       used 59958K, committed 60480K, reserved 1114112K
  class space    used 7505K, committed 7744K, reserved 1048576K
}

